<?xml version="1.0" encoding="UTF-8"?>
<!-- Generated by org.testng.reporters.JUnitReportReporter -->
<testsuite hostname="DESKTOP-A9BUCB6" failures="0" tests="1" name="easyApplytestcase.SubmitApplication" time="13.212" errors="0" timestamp="2025-02-05T15:21:50 IST" skipped="0">
  <testcase classname="easyApplytestcase.SubmitApplication" name="submitAppOpt" time="13.212"/>
</testsuite> <!-- easyApplytestcase.SubmitApplication -->
