<?xml version="1.0" encoding="UTF-8"?>
<!-- Generated by org.testng.reporters.JUnitReportReporter -->
<testsuite hostname="DESKTOP-A9BUCB6" failures="0" tests="1" name="easyApplytestcase.review_btn" time="3.622" errors="0" timestamp="2025-02-05T15:21:50 IST" skipped="0">
  <testcase classname="easyApplytestcase.review_btn" name="review_btnOpt" time="3.622"/>
</testsuite> <!-- easyApplytestcase.review_btn -->
