<?xml version="1.0" encoding="UTF-8"?>
<!-- Generated by org.testng.reporters.JUnitReportReporter -->
<testsuite hostname="DESKTOP-A9BUCB6" failures="0" tests="1" name="filterTestcase.JobFunc_eng" time="0.130" errors="0" timestamp="2025-02-20T11:26:47 IST" skipped="0">
  <testcase classname="filterTestcase.JobFunc_eng" name="engFuncopt" time="0.130"/>
</testsuite> <!-- filterTestcase.JobFunc_eng -->
