<?xml version="1.0" encoding="UTF-8"?>
<!-- Generated by org.testng.reporters.JUnitReportReporter -->
<testsuite hostname="DESKTOP-A9BUCB6" failures="0" tests="1" name="testcase.jobSearch" time="0.737" errors="0" timestamp="2025-02-20T11:26:47 IST" skipped="0">
  <testcase classname="testcase.jobSearch" name="jobSrh" time="0.737"/>
</testsuite> <!-- testcase.jobSearch -->
