<?xml version="1.0" encoding="UTF-8"?>
<!-- Generated by org.testng.reporters.JUnitReportReporter -->
<testsuite hostname="DESKTOP-A9BUCB6" failures="0" tests="1" name="filterTestcase.JobType_intern" time="2.387" errors="0" timestamp="2025-02-20T11:26:47 IST" skipped="0">
  <testcase classname="filterTestcase.JobType_intern" name="internopt" time="2.387"/>
</testsuite> <!-- filterTestcase.JobType_intern -->
