<?xml version="1.0" encoding="UTF-8"?>
<!-- Generated by org.testng.reporters.JUnitReportReporter -->
<testsuite hostname="DESKTOP-A9BUCB6" failures="0" tests="1" name="testcase.SkillInput" time="2.132" errors="0" timestamp="2025-02-20T11:26:47 IST" skipped="0">
  <testcase classname="testcase.SkillInput" name="input" time="2.132"/>
</testsuite> <!-- testcase.SkillInput -->
