<?xml version="1.0" encoding="UTF-8"?>
<!-- Generated by org.testng.reporters.JUnitReportReporter -->
<testsuite hostname="DESKTOP-A9BUCB6" failures="0" tests="1" name="filterTestcase.JobType_fullTime" time="0.337" errors="0" timestamp="2025-02-17T17:16:15 IST" skipped="0">
  <testcase classname="filterTestcase.JobType_fullTime" name="fullTimeopt" time="0.337"/>
</testsuite> <!-- filterTestcase.JobType_fullTime -->
