<?xml version="1.0" encoding="UTF-8"?>
<!-- Generated by org.testng.reporters.JUnitReportReporter -->
<testsuite hostname="DESKTOP-A9BUCB6" failures="0" tests="1" name="filterTestcase.Exp_intern_level" time="0.166" errors="0" timestamp="2025-02-20T11:26:47 IST" skipped="0">
  <testcase classname="filterTestcase.Exp_intern_level" name="interExpopt" time="0.166"/>
</testsuite> <!-- filterTestcase.Exp_intern_level -->
