<?xml version="1.0" encoding="UTF-8"?>
<!-- Generated by org.testng.reporters.JUnitReportReporter -->
<testsuite hostname="DESKTOP-A9BUCB6" failures="0" tests="1" name="easyApplytestcase.Apply_btn" time="2.872" errors="0" timestamp="2025-02-19T16:15:27 IST" skipped="0">
  <testcase classname="easyApplytestcase.Apply_btn" name="applyBtn" time="2.872"/>
</testsuite> <!-- easyApplytestcase.Apply_btn -->
