<?xml version="1.0" encoding="UTF-8"?>
<!-- Generated by org.testng.reporters.JUnitReportReporter -->
<testsuite hostname="DESKTOP-A9BUCB6" failures="0" tests="1" name="easyApplytestcase.Next_btn" time="0.397" errors="0" timestamp="2025-02-17T17:13:10 IST" skipped="0">
  <testcase classname="easyApplytestcase.Next_btn" name="nextbtn" time="0.397"/>
</testsuite> <!-- easyApplytestcase.Next_btn -->
