<?xml version="1.0" encoding="UTF-8"?>
<!-- Generated by org.testng.reporters.JUnitReportReporter -->
<testsuite hostname="DESKTOP-A9BUCB6" failures="0" tests="1" name="filterTestcase.Easyapply" time="2.164" errors="0" timestamp="2025-02-21T15:30:04 IST" skipped="0">
  <testcase classname="filterTestcase.Easyapply" name="easyApplybtn" time="2.164"/>
</testsuite> <!-- filterTestcase.Easyapply -->
