<?xml version="1.0" encoding="UTF-8"?>
<!-- Generated by org.testng.reporters.JUnitReportReporter -->
<testsuite hostname="DESKTOP-A9BUCB6" failures="0" tests="1" name="easyApplytestcase.FinalTest" time="48.555" errors="0" timestamp="2025-02-17T17:16:15 IST" skipped="0">
  <testcase classname="easyApplytestcase.FinalTest" name="finalTestCase" time="48.555"/>
</testsuite> <!-- easyApplytestcase.FinalTest -->
