<?xml version="1.0" encoding="UTF-8"?>
<!-- Generated by org.testng.reporters.JUnitReportReporter -->
<testsuite hostname="DESKTOP-A9BUCB6" failures="0" tests="1" name="questiontestcase.QuestionText" time="2.095" errors="0" timestamp="2025-02-17T17:13:10 IST" skipped="0">
  <testcase classname="questiontestcase.QuestionText" name="getQues" time="2.095"/>
</testsuite> <!-- questiontestcase.QuestionText -->
